Flow report for pwm_led_top
Sun Nov 10 18:52:58 2024
Quartus Prime Version 16.1.0 Build 196 10/24/2016 SJ Lite Edition


---------------------
; Table of Contents ;
---------------------
  1. Legal Notice
  2. Flow Summary
  3. Flow Settings
  4. Flow Non-Default Global Settings
  5. Flow Elapsed Time
  6. Flow OS Summary
  7. Flow Log
  8. Flow Messages
  9. Flow Suppressed Messages



----------------
; Legal Notice ;
----------------
Copyright (C) 2016  Intel Corporation. All rights reserved.
Your use of Intel Corporation's design tools, logic functions 
and other software and tools, and its AMPP partner logic 
functions, and any output files from any of the foregoing 
(including device programming or simulation files), and any 
associated documentation or information are expressly subject 
to the terms and conditions of the Intel Program License 
Subscription Agreement, the Intel Quartus Prime License Agreement,
the Intel MegaCore Function License Agreement, or other 
applicable license agreement, including, without limitation, 
that your use is for the sole purpose of programming logic 
devices manufactured by Intel and sold by Intel or its 
authorized distributors.  Please refer to the applicable 
agreement for further details.



+----------------------------------------------------------------------------------+
; Flow Summary                                                                     ;
+------------------------------------+---------------------------------------------+
; Flow Status                        ; Successful - Sun Nov 10 18:52:58 2024       ;
; Quartus Prime Version              ; 16.1.0 Build 196 10/24/2016 SJ Lite Edition ;
; Revision Name                      ; pwm_led_top                                 ;
; Top-level Entity Name              ; pwm_led_top                                 ;
; Family                             ; MAX 10                                      ;
; Device                             ; 10M50DAF484C6GES                            ;
; Timing Models                      ; Preliminary                                 ;
; Total logic elements               ; 5,781 / 49,760 ( 12 % )                     ;
;     Total combinational functions  ; 4,736 / 49,760 ( 10 % )                     ;
;     Dedicated logic registers      ; 3,215 / 49,760 ( 6 % )                      ;
; Total registers                    ; 3215                                        ;
; Total pins                         ; 29 / 360 ( 8 % )                            ;
; Total virtual pins                 ; 0                                           ;
; Total memory bits                  ; 270,176 / 1,677,312 ( 16 % )                ;
; Embedded Multiplier 9-bit elements ; 0 / 288 ( 0 % )                             ;
; Total PLLs                         ; 2 / 4 ( 50 % )                              ;
; UFM blocks                         ; 0 / 1 ( 0 % )                               ;
; ADC blocks                         ; 1 / 2 ( 50 % )                              ;
+------------------------------------+---------------------------------------------+


+-----------------------------------------+
; Flow Settings                           ;
+-------------------+---------------------+
; Option            ; Setting             ;
+-------------------+---------------------+
; Start date & time ; 11/10/2024 18:51:02 ;
; Main task         ; Compilation         ;
; Revision Name     ; pwm_led_top         ;
+-------------------+---------------------+


+--------------------------------------------------------------------------------------------------------------------------------------------+
; Flow Non-Default Global Settings                                                                                                           ;
+-------------------------------------+-------------------------------------------------------+---------------+-------------+----------------+
; Assignment Name                     ; Value                                                 ; Default Value ; Entity Name ; Section Id     ;
+-------------------------------------+-------------------------------------------------------+---------------+-------------+----------------+
; COMPILER_SIGNATURE_ID               ; 242174571749105.173126106234436                       ; --            ; --          ; --             ;
; EDA_OUTPUT_DATA_FORMAT              ; Verilog Hdl                                           ; --            ; --          ; eda_simulation ;
; EDA_SIMULATION_TOOL                 ; ModelSim-Altera (Verilog)                             ; <None>        ; --          ; --             ;
; EDA_TIME_SCALE                      ; 1 ps                                                  ; --            ; --          ; eda_simulation ;
; MAX_CORE_JUNCTION_TEMP              ; 85                                                    ; --            ; --          ; --             ;
; MIN_CORE_JUNCTION_TEMP              ; 0                                                     ; --            ; --          ; --             ;
; MISC_FILE                           ; ADC/synthesis/../ADC.cmp                              ; --            ; --          ; --             ;
; MISC_FILE                           ; ADC/synthesis/../../ADC.qsys                          ; --            ; --          ; --             ;
; MISC_FILE                           ; pwm_pll.bsf                                           ; --            ; --          ; --             ;
; MISC_FILE                           ; pwm_pll.ppf                                           ; --            ; --          ; --             ;
; OUTPUT_IO_TIMING_FAR_END_VMEAS      ; Half Signal Swing                                     ; --            ; --          ; --             ;
; OUTPUT_IO_TIMING_FAR_END_VMEAS      ; Half Signal Swing                                     ; --            ; --          ; --             ;
; OUTPUT_IO_TIMING_NEAR_END_VMEAS     ; Half Vccio                                            ; --            ; --          ; --             ;
; OUTPUT_IO_TIMING_NEAR_END_VMEAS     ; Half Vccio                                            ; --            ; --          ; --             ;
; PARTITION_COLOR                     ; -- (Not supported for targeted family)                ; --            ; --          ; Top            ;
; PARTITION_FITTER_PRESERVATION_LEVEL ; -- (Not supported for targeted family)                ; --            ; --          ; Top            ;
; PARTITION_NETLIST_TYPE              ; -- (Not supported for targeted family)                ; --            ; --          ; Top            ;
; POWER_BOARD_THERMAL_MODEL           ; None (CONSERVATIVE)                                   ; --            ; --          ; --             ;
; POWER_PRESET_COOLING_SOLUTION       ; 23 MM HEAT SINK WITH 200 LFPM AIRFLOW                 ; --            ; --          ; --             ;
; PROJECT_OUTPUT_DIRECTORY            ; output_files                                          ; --            ; --          ; --             ;
; SLD_FILE                            ; ADC/synthesis/ADC.debuginfo                           ; --            ; --          ; --             ;
; SLD_INFO                            ; QSYS_NAME ADC HAS_SOPCINFO 1 GENERATION_ID 1726594394 ; --            ; ADC         ; --             ;
; SOPCINFO_FILE                       ; ADC/synthesis/../../ADC.sopcinfo                      ; --            ; --          ; --             ;
; SYNTHESIS_ONLY_QIP                  ; On                                                    ; --            ; --          ; --             ;
+-------------------------------------+-------------------------------------------------------+---------------+-------------+----------------+


+-------------------------------------------------------------------------------------------------------------------------------+
; Flow Elapsed Time                                                                                                             ;
+---------------------------+--------------+-------------------------+---------------------+------------------------------------+
; Module Name               ; Elapsed Time ; Average Processors Used ; Peak Virtual Memory ; Total CPU Time (on all processors) ;
+---------------------------+--------------+-------------------------+---------------------+------------------------------------+
; Analysis & Synthesis      ; 00:01:09     ; 1.0                     ; 4964 MB             ; 00:00:51                           ;
; Fitter                    ; 00:00:29     ; 1.4                     ; 5727 MB             ; 00:00:19                           ;
; Assembler                 ; 00:00:04     ; 1.0                     ; 4707 MB             ; 00:00:02                           ;
; TimeQuest Timing Analyzer ; 00:00:05     ; 2.0                     ; 4888 MB             ; 00:00:05                           ;
; EDA Netlist Writer        ; 00:00:02     ; 1.0                     ; 4742 MB             ; 00:00:01                           ;
; Total                     ; 00:01:49     ; --                      ; --                  ; 00:01:18                           ;
+---------------------------+--------------+-------------------------+---------------------+------------------------------------+


+-----------------------------------------------------------------------------------------+
; Flow OS Summary                                                                         ;
+---------------------------+------------------+------------+------------+----------------+
; Module Name               ; Machine Hostname ; OS Name    ; OS Version ; Processor type ;
+---------------------------+------------------+------------+------------+----------------+
; Analysis & Synthesis      ; DESKTOP-V7BSPH8  ; Windows 10 ; 10.0       ; x86_64         ;
; Fitter                    ; DESKTOP-V7BSPH8  ; Windows 10 ; 10.0       ; x86_64         ;
; Assembler                 ; DESKTOP-V7BSPH8  ; Windows 10 ; 10.0       ; x86_64         ;
; TimeQuest Timing Analyzer ; DESKTOP-V7BSPH8  ; Windows 10 ; 10.0       ; x86_64         ;
; EDA Netlist Writer        ; DESKTOP-V7BSPH8  ; Windows 10 ; 10.0       ; x86_64         ;
+---------------------------+------------------+------------+------------+----------------+


------------
; Flow Log ;
------------
quartus_map --read_settings_files=on --write_settings_files=off ADC -c pwm_led_top
quartus_fit --read_settings_files=off --write_settings_files=off ADC -c pwm_led_top
quartus_asm --read_settings_files=off --write_settings_files=off ADC -c pwm_led_top
quartus_sta ADC -c pwm_led_top
quartus_eda --read_settings_files=off --write_settings_files=off ADC -c pwm_led_top



